<?xml version="1.0" encoding="UTF-8"?>
<!-- Generated by org.testng.reporters.JUnitReportReporter -->
<testsuite hostname="ANIL" failures="0" tests="1" name="Tests.testclass3" time="6.978" errors="0" timestamp="2020-01-06T12:09:12 IST" skipped="0">
  <testcase classname="Tests.testclass3" name="purchaseorder" time="6.978"/>
</testsuite> <!-- Tests.testclass3 -->
