<?xml version="1.0" encoding="UTF-8"?>
<!-- Generated by org.testng.reporters.JUnitReportReporter -->
<testsuite hostname="ANIL" failures="0" tests="2" name="Tests.testclass2" time="0.017" errors="0" timestamp="2020-01-06T10:35:46 IST" skipped="0">
  <testcase classname="Tests.testclass2" name="createsalesorder" time="0.003"/>
  <testcase classname="Tests.testclass2" name="createsalesorder" time="0.014"/>
</testsuite> <!-- Tests.testclass2 -->
