<?xml version="1.0" encoding="UTF-8"?>
<!-- Generated by org.testng.reporters.JUnitReportReporter -->
<testsuite hostname="ANIL" failures="0" tests="1" name="basics_of_excel.testclass" time="4.643" errors="0" timestamp="2020-01-27T00:00:41 IST" skipped="0">
  <testcase classname="basics_of_excel.testclass" name="hhhh" time="4.643"/>
</testsuite> <!-- basics_of_excel.testclass -->
