<?xml version="1.0" encoding="UTF-8"?>
<!-- Generated by org.testng.reporters.JUnitReportReporter -->
<testsuite hostname="ANIL" failures="0" tests="2" name="com.test.TestNGbasics" time="0.016" errors="0" timestamp="2020-01-06T12:13:59 IST" skipped="0">
  <testcase classname="com.test.TestNGbasics" name="gooogletitletest" time="0.012"/>
  <testcase classname="com.test.TestNGbasics" name="searchTest" time="0.004"/>
</testsuite> <!-- com.test.TestNGbasics -->
