<?xml version="1.0" encoding="UTF-8"?>
<!-- Generated by org.testng.reporters.JUnitReportReporter -->
<testsuite hostname="ANIL" failures="0" tests="6" name="com.test.groups" time="0.031" errors="0" timestamp="2020-01-06T12:58:36 IST" skipped="0">
  <testcase classname="com.test.groups" name="testmethod1" time="0.017"/>
  <testcase classname="com.test.groups" name="testmethod5" time="0.002"/>
  <testcase classname="com.test.groups" name="testmethod7" time="0.002"/>
  <testcase classname="com.test.groups" name="testmethod10" time="0.005"/>
  <testcase classname="com.test.groups" name="testmethod3" time="0.004"/>
  <testcase classname="com.test.groups" name="testmethod9" time="0.001"/>
</testsuite> <!-- com.test.groups -->
