<?xml version="1.0" encoding="UTF-8"?>
<!-- Generated by org.testng.reporters.JUnitReportReporter -->
<testsuite hostname="ANIL" failures="0" tests="2" name="Tests.testclass1" time="0.002" errors="0" timestamp="2020-01-06T12:09:12 IST" skipped="1">
  <testcase classname="Tests.testclass1" name="testcase3" time="0.002"/>
  <testcase classname="Tests.testclass1" name="testcase2">
    <skipped/>
  </testcase> <!-- testcase2 -->
</testsuite> <!-- Tests.testclass1 -->
