<?xml version="1.0" encoding="UTF-8"?>
<!-- Generated by org.testng.reporters.JUnitReportReporter -->
<testsuite hostname="ANIL" failures="0" tests="1" name="basics_of_excel.data" time="13.764" errors="0" timestamp="2020-01-15T12:09:27 IST" skipped="0">
  <testcase classname="basics_of_excel.data" name="testmethod2" time="13.764"/>
</testsuite> <!-- basics_of_excel.data -->
